2024-07-09 10:05:26.078 [info] Started local extension host with pid 1404.
2024-07-09 10:05:29.525 [info] [perf] Render performance baseline is 198ms
2024-07-09 10:18:39.366 [error] [Extension Host] Error: internal assertion failed; please report this error on https://github.com/71/dance/issues. its stacktrace is available in the developer console (Command Palette > Open Developer Tools).
	at assert (/home/zukkini/.vscode-oss/extensions/silverquark.dancehelix-0.5.16/out/src/utils/errors.js:10:23)
	at Cursor.previous (/home/zukkini/.vscode-oss/extensions/silverquark.dancehelix-0.5.16/out/src/state/recorder.js:619:29)
	at Recorder.lastEntry (/home/zukkini/.vscode-oss/extensions/silverquark.dancehelix-0.5.16/out/src/state/recorder.js:69:21)
	at Recorder._record (/home/zukkini/.vscode-oss/extensions/silverquark.dancehelix-0.5.16/out/src/state/recorder.js:81:39)
	at Recorder._recordExternalSelectionChange (/home/zukkini/.vscode-oss/extensions/silverquark.dancehelix-0.5.16/out/src/state/recorder.js:396:14)
	at n.value (/usr/lib/code/out/vs/workbench/api/node/extensionHostProcess.js:164:20994)
	at r.B (/usr/lib/code/out/vs/workbench/api/node/extensionHostProcess.js:83:737)
	at r.C (/usr/lib/code/out/vs/workbench/api/node/extensionHostProcess.js:83:807)
	at r.fire (/usr/lib/code/out/vs/workbench/api/node/extensionHostProcess.js:83:1023)
	at a.$acceptEditorPropertiesChanged (/usr/lib/code/out/vs/workbench/api/node/extensionHostProcess.js:156:33300)
	at S (/usr/lib/code/out/vs/workbench/api/node/extensionHostProcess.js:151:5986)
	at S.Q (/usr/lib/code/out/vs/workbench/api/node/extensionHostProcess.js:151:5752)
	at S.M (/usr/lib/code/out/vs/workbench/api/node/extensionHostProcess.js:151:4778)
	at S.L (/usr/lib/code/out/vs/workbench/api/node/extensionHostProcess.js:151:3605)
	at n.value (/usr/lib/code/out/vs/workbench/api/node/extensionHostProcess.js:151:2297)
	at r.B (/usr/lib/code/out/vs/workbench/api/node/extensionHostProcess.js:83:737)
	at r.fire (/usr/lib/code/out/vs/workbench/api/node/extensionHostProcess.js:83:954)
	at o.fire (/usr/lib/code/out/vs/workbench/api/node/extensionHostProcess.js:108:14502)
	at n.value (/usr/lib/code/out/vs/workbench/api/node/extensionHostProcess.js:177:8639)
	at r.B (/usr/lib/code/out/vs/workbench/api/node/extensionHostProcess.js:83:737)
	at r.fire (/usr/lib/code/out/vs/workbench/api/node/extensionHostProcess.js:83:954)
	at o.fire (/usr/lib/code/out/vs/workbench/api/node/extensionHostProcess.js:108:14502)
	at MessagePortMain.<anonymous> (/usr/lib/code/out/vs/workbench/api/node/extensionHostProcess.js:177:6765)
	at MessagePortMain.emit (node:events:514:28)
	at MessagePortMain.emit (node:domain:488:12)
	at MessagePortMain._internalPort.emit (node:electron/js2c/utility_init:2:2285)
2024-07-09 10:18:39.368 [error] [ExtensionListenerError] Extension 'silverquark.dancehelix' FAILED to handle event: Error: internal assertion failed; please report this error on https://github.com/71/dance/issues. its stacktrace is available in the developer console (Command Palette > Open Developer Tools).: Error: [ExtensionListenerError] Extension 'silverquark.dancehelix' FAILED to handle event: Error: internal assertion failed; please report this error on https://github.com/71/dance/issues. its stacktrace is available in the developer console (Command Palette > Open Developer Tools).
	at n.value (/usr/lib/code/out/vs/workbench/api/node/extensionHostProcess.js:164:21021)
	at r.B (/usr/lib/code/out/vs/workbench/api/node/extensionHostProcess.js:83:737)
	at r.C (/usr/lib/code/out/vs/workbench/api/node/extensionHostProcess.js:83:807)
	at r.fire (/usr/lib/code/out/vs/workbench/api/node/extensionHostProcess.js:83:1023)
	at a.$acceptEditorPropertiesChanged (/usr/lib/code/out/vs/workbench/api/node/extensionHostProcess.js:156:33300)
	at S (/usr/lib/code/out/vs/workbench/api/node/extensionHostProcess.js:151:5986)
	at S.Q (/usr/lib/code/out/vs/workbench/api/node/extensionHostProcess.js:151:5752)
	at S.M (/usr/lib/code/out/vs/workbench/api/node/extensionHostProcess.js:151:4778)
	at S.L (/usr/lib/code/out/vs/workbench/api/node/extensionHostProcess.js:151:3605)
	at n.value (/usr/lib/code/out/vs/workbench/api/node/extensionHostProcess.js:151:2297)
	at r.B (/usr/lib/code/out/vs/workbench/api/node/extensionHostProcess.js:83:737)
	at r.fire (/usr/lib/code/out/vs/workbench/api/node/extensionHostProcess.js:83:954)
	at o.fire (/usr/lib/code/out/vs/workbench/api/node/extensionHostProcess.js:108:14502)
	at n.value (/usr/lib/code/out/vs/workbench/api/node/extensionHostProcess.js:177:8639)
	at r.B (/usr/lib/code/out/vs/workbench/api/node/extensionHostProcess.js:83:737)
	at r.fire (/usr/lib/code/out/vs/workbench/api/node/extensionHostProcess.js:83:954)
	at o.fire (/usr/lib/code/out/vs/workbench/api/node/extensionHostProcess.js:108:14502)
	at MessagePortMain.<anonymous> (/usr/lib/code/out/vs/workbench/api/node/extensionHostProcess.js:177:6765)
	at MessagePortMain.emit (node:events:514:28)
	at MessagePortMain.emit (node:domain:488:12)
	at MessagePortMain._internalPort.emit (node:electron/js2c/utility_init:2:2285)
2024-07-09 10:26:38.952 [error] [Extension Host] Error: internal assertion failed; please report this error on https://github.com/71/dance/issues. its stacktrace is available in the developer console (Command Palette > Open Developer Tools).
	at assert (/home/zukkini/.vscode-oss/extensions/silverquark.dancehelix-0.5.16/out/src/utils/errors.js:10:23)
	at Cursor.previous (/home/zukkini/.vscode-oss/extensions/silverquark.dancehelix-0.5.16/out/src/state/recorder.js:619:29)
	at Recorder.lastEntry (/home/zukkini/.vscode-oss/extensions/silverquark.dancehelix-0.5.16/out/src/state/recorder.js:69:21)
	at Recorder._record (/home/zukkini/.vscode-oss/extensions/silverquark.dancehelix-0.5.16/out/src/state/recorder.js:81:39)
	at Recorder.recordCommand (/home/zukkini/.vscode-oss/extensions/silverquark.dancehelix-0.5.16/out/src/state/recorder.js:248:14)
	at CommandDescriptor.invoke (/home/zukkini/.vscode-oss/extensions/silverquark.dancehelix-0.5.16/out/src/commands/index.js:73:32)
	at async Extension.runPromiseSafely (/home/zukkini/.vscode-oss/extensions/silverquark.dancehelix-0.5.16/out/src/state/extension.js:285:20)
	at async f.h (/usr/lib/code/out/vs/workbench/api/node/extensionHostProcess.js:154:204392)
2024-07-09 10:26:38.954 [error] [Extension Host] error executing command "dance.select.up.jump": internal assertion failed; please report this error on https://github.com/71/dance/issues. its stacktrace is available in the developer console (Command Palette > Open Developer Tools).
2024-07-09 10:58:26.339 [error] [Extension Host] Error: internal assertion failed; please report this error on https://github.com/71/dance/issues. its stacktrace is available in the developer console (Command Palette > Open Developer Tools).
	at assert (/home/zukkini/.vscode-oss/extensions/silverquark.dancehelix-0.5.16/out/src/utils/errors.js:10:23)
	at Cursor.previous (/home/zukkini/.vscode-oss/extensions/silverquark.dancehelix-0.5.16/out/src/state/recorder.js:619:29)
	at Recorder.lastEntry (/home/zukkini/.vscode-oss/extensions/silverquark.dancehelix-0.5.16/out/src/state/recorder.js:69:21)
	at Recorder._record (/home/zukkini/.vscode-oss/extensions/silverquark.dancehelix-0.5.16/out/src/state/recorder.js:81:39)
	at Recorder.recordCommand (/home/zukkini/.vscode-oss/extensions/silverquark.dancehelix-0.5.16/out/src/state/recorder.js:248:14)
	at /home/zukkini/.vscode-oss/extensions/silverquark.dancehelix-0.5.16/out/src/api/run.js:281:34
	at async Context.runAsync (/home/zukkini/.vscode-oss/extensions/silverquark.dancehelix-0.5.16/out/src/api/context.js:138:20)
	at async CommandDescriptor.invoke (/home/zukkini/.vscode-oss/extensions/silverquark.dancehelix-0.5.16/out/src/commands/index.js:62:22)
	at async Extension.runPromiseSafely (/home/zukkini/.vscode-oss/extensions/silverquark.dancehelix-0.5.16/out/src/state/extension.js:285:20)
	at async f.h (/usr/lib/code/out/vs/workbench/api/node/extensionHostProcess.js:154:204392)
2024-07-09 10:58:26.348 [error] [Extension Host] error executing command "dance.select.up.jump": internal assertion failed; please report this error on https://github.com/71/dance/issues. its stacktrace is available in the developer console (Command Palette > Open Developer Tools).
2024-07-09 12:01:19.839 [error] [Extension Host] Error: internal assertion failed; please report this error on https://github.com/71/dance/issues. its stacktrace is available in the developer console (Command Palette > Open Developer Tools).
	at assert (/home/zukkini/.vscode-oss/extensions/silverquark.dancehelix-0.5.16/out/src/utils/errors.js:10:23)
	at Cursor.previous (/home/zukkini/.vscode-oss/extensions/silverquark.dancehelix-0.5.16/out/src/state/recorder.js:619:29)
	at Recorder.lastEntry (/home/zukkini/.vscode-oss/extensions/silverquark.dancehelix-0.5.16/out/src/state/recorder.js:69:21)
	at Recorder._record (/home/zukkini/.vscode-oss/extensions/silverquark.dancehelix-0.5.16/out/src/state/recorder.js:81:39)
	at Recorder.recordCommand (/home/zukkini/.vscode-oss/extensions/silverquark.dancehelix-0.5.16/out/src/state/recorder.js:248:14)
	at /home/zukkini/.vscode-oss/extensions/silverquark.dancehelix-0.5.16/out/src/api/run.js:281:34
	at async Context.runAsync (/home/zukkini/.vscode-oss/extensions/silverquark.dancehelix-0.5.16/out/src/api/context.js:138:20)
	at async CommandDescriptor.invoke (/home/zukkini/.vscode-oss/extensions/silverquark.dancehelix-0.5.16/out/src/commands/index.js:62:22)
	at async Extension.runPromiseSafely (/home/zukkini/.vscode-oss/extensions/silverquark.dancehelix-0.5.16/out/src/state/extension.js:285:20)
	at async f.h (/usr/lib/code/out/vs/workbench/api/node/extensionHostProcess.js:154:204392)
2024-07-09 12:01:19.849 [error] [Extension Host] error executing command "dance.select.down.jump": internal assertion failed; please report this error on https://github.com/71/dance/issues. its stacktrace is available in the developer console (Command Palette > Open Developer Tools).
2024-07-09 12:05:16.659 [error] [Extension Host] Error: internal assertion failed; please report this error on https://github.com/71/dance/issues. its stacktrace is available in the developer console (Command Palette > Open Developer Tools).
	at assert (/home/zukkini/.vscode-oss/extensions/silverquark.dancehelix-0.5.16/out/src/utils/errors.js:10:23)
	at Cursor.previous (/home/zukkini/.vscode-oss/extensions/silverquark.dancehelix-0.5.16/out/src/state/recorder.js:619:29)
	at repeat_edit (/home/zukkini/.vscode-oss/extensions/silverquark.dancehelix-0.5.16/out/src/commands/history.js:100:21)
	at /home/zukkini/.vscode-oss/extensions/silverquark.dancehelix-0.5.16/out/src/commands/load-all.js:152:153
	at Context.runAsync (/home/zukkini/.vscode-oss/extensions/silverquark.dancehelix-0.5.16/out/src/api/context.js:138:26)
	at commands.dance.history.repeat.edit [as handler] (/home/zukkini/.vscode-oss/extensions/silverquark.dancehelix-0.5.16/out/src/commands/load-all.js:152:111)
	at CommandDescriptor.invoke (/home/zukkini/.vscode-oss/extensions/silverquark.dancehelix-0.5.16/out/src/commands/index.js:62:33)
	at /home/zukkini/.vscode-oss/extensions/silverquark.dancehelix-0.5.16/out/src/commands/index.js:85:54
	at Extension.runPromiseSafely (/home/zukkini/.vscode-oss/extensions/silverquark.dancehelix-0.5.16/out/src/state/extension.js:285:26)
	at CommandDescriptor.invokeSafely (/home/zukkini/.vscode-oss/extensions/silverquark.dancehelix-0.5.16/out/src/commands/index.js:85:26)
	at /home/zukkini/.vscode-oss/extensions/silverquark.dancehelix-0.5.16/out/src/commands/index.js:91:84
	at f.h (/usr/lib/code/out/vs/workbench/api/node/extensionHostProcess.js:154:204400)
	at f.$executeContributedCommand (/usr/lib/code/out/vs/workbench/api/node/extensionHostProcess.js:154:205260)
	at S (/usr/lib/code/out/vs/workbench/api/node/extensionHostProcess.js:151:5986)
	at S.Q (/usr/lib/code/out/vs/workbench/api/node/extensionHostProcess.js:151:5752)
	at S.M (/usr/lib/code/out/vs/workbench/api/node/extensionHostProcess.js:151:4778)
	at S.L (/usr/lib/code/out/vs/workbench/api/node/extensionHostProcess.js:151:3605)
	at n.value (/usr/lib/code/out/vs/workbench/api/node/extensionHostProcess.js:151:2297)
	at r.B (/usr/lib/code/out/vs/workbench/api/node/extensionHostProcess.js:83:737)
	at r.fire (/usr/lib/code/out/vs/workbench/api/node/extensionHostProcess.js:83:954)
	at o.fire (/usr/lib/code/out/vs/workbench/api/node/extensionHostProcess.js:108:14502)
	at n.value (/usr/lib/code/out/vs/workbench/api/node/extensionHostProcess.js:177:8639)
	at r.B (/usr/lib/code/out/vs/workbench/api/node/extensionHostProcess.js:83:737)
	at r.fire (/usr/lib/code/out/vs/workbench/api/node/extensionHostProcess.js:83:954)
	at o.fire (/usr/lib/code/out/vs/workbench/api/node/extensionHostProcess.js:108:14502)
	at MessagePortMain.<anonymous> (/usr/lib/code/out/vs/workbench/api/node/extensionHostProcess.js:177:6765)
	at MessagePortMain.emit (node:events:514:28)
	at MessagePortMain.emit (node:domain:488:12)
	at MessagePortMain._internalPort.emit (node:electron/js2c/utility_init:2:2285)
2024-07-09 12:05:16.659 [error] [Extension Host] error executing command "dance.history.repeat.edit": internal assertion failed; please report this error on https://github.com/71/dance/issues. its stacktrace is available in the developer console (Command Palette > Open Developer Tools).
2024-07-09 12:06:21.315 [error] Method not found: toJSON: CodeExpectedError: Method not found: toJSON
    at Object.call (/usr/lib/code/out/vs/code/electron-main/main.js:48:5381)
    at b.s (/usr/lib/code/out/vs/code/electron-main/main.js:46:5468)
    at b.q (/usr/lib/code/out/vs/code/electron-main/main.js:46:4923)
    at E.value (/usr/lib/code/out/vs/code/electron-main/main.js:46:4232)
    at i.B (/usr/lib/code/out/vs/code/electron-main/main.js:41:750)
    at i.C (/usr/lib/code/out/vs/code/electron-main/main.js:41:824)
    at i.fire (/usr/lib/code/out/vs/code/electron-main/main.js:41:1043)
    at E.value (/usr/lib/code/out/vs/code/electron-main/main.js:36:29432)
    at i.B (/usr/lib/code/out/vs/code/electron-main/main.js:41:750)
    at i.fire (/usr/lib/code/out/vs/code/electron-main/main.js:41:972)
    at E.value (/usr/lib/code/out/vs/code/electron-main/main.js:36:29635)
    at i.B (/usr/lib/code/out/vs/code/electron-main/main.js:41:750)
    at i.fire (/usr/lib/code/out/vs/code/electron-main/main.js:41:972)
    at $e (/usr/lib/code/out/vs/code/electron-main/main.js:36:32048)
    at IpcMainImpl.a (/usr/lib/code/out/vs/code/electron-main/main.js:48:19577)
    at IpcMainImpl.emit (node:events:514:28)
    at WebContents.<anonymous> (node:electron/js2c/browser_init:2:78003)
    at WebContents.emit (node:events:514:28)
2024-07-09 12:06:51.337 [error] No default agent contributed: CodeExpectedError: No default agent contributed
    at R.N (vscode-file://vscode-app/usr/lib/code/out/vs/workbench/workbench.desktop.main.js:1659:25707)
2024-07-09 12:13:53.003 [error] [Extension Host] Error: internal assertion failed; please report this error on https://github.com/71/dance/issues. its stacktrace is available in the developer console (Command Palette > Open Developer Tools).
	at assert (/home/zukkini/.vscode-oss/extensions/silverquark.dancehelix-0.5.16/out/src/utils/errors.js:10:23)
	at Cursor.previous (/home/zukkini/.vscode-oss/extensions/silverquark.dancehelix-0.5.16/out/src/state/recorder.js:619:29)
	at Recorder.lastEntry (/home/zukkini/.vscode-oss/extensions/silverquark.dancehelix-0.5.16/out/src/state/recorder.js:69:21)
	at Recorder._record (/home/zukkini/.vscode-oss/extensions/silverquark.dancehelix-0.5.16/out/src/state/recorder.js:81:39)
	at Recorder._recordExternalSelectionChange (/home/zukkini/.vscode-oss/extensions/silverquark.dancehelix-0.5.16/out/src/state/recorder.js:396:14)
	at n.value (/usr/lib/code/out/vs/workbench/api/node/extensionHostProcess.js:164:20994)
	at r.B (/usr/lib/code/out/vs/workbench/api/node/extensionHostProcess.js:83:737)
	at r.C (/usr/lib/code/out/vs/workbench/api/node/extensionHostProcess.js:83:807)
	at r.fire (/usr/lib/code/out/vs/workbench/api/node/extensionHostProcess.js:83:1023)
	at a.$acceptEditorPropertiesChanged (/usr/lib/code/out/vs/workbench/api/node/extensionHostProcess.js:156:33300)
	at S (/usr/lib/code/out/vs/workbench/api/node/extensionHostProcess.js:151:5986)
	at S.Q (/usr/lib/code/out/vs/workbench/api/node/extensionHostProcess.js:151:5752)
	at S.M (/usr/lib/code/out/vs/workbench/api/node/extensionHostProcess.js:151:4778)
	at S.L (/usr/lib/code/out/vs/workbench/api/node/extensionHostProcess.js:151:3605)
	at n.value (/usr/lib/code/out/vs/workbench/api/node/extensionHostProcess.js:151:2297)
	at r.B (/usr/lib/code/out/vs/workbench/api/node/extensionHostProcess.js:83:737)
	at r.fire (/usr/lib/code/out/vs/workbench/api/node/extensionHostProcess.js:83:954)
	at o.fire (/usr/lib/code/out/vs/workbench/api/node/extensionHostProcess.js:108:14502)
	at n.value (/usr/lib/code/out/vs/workbench/api/node/extensionHostProcess.js:177:8639)
	at r.B (/usr/lib/code/out/vs/workbench/api/node/extensionHostProcess.js:83:737)
	at r.fire (/usr/lib/code/out/vs/workbench/api/node/extensionHostProcess.js:83:954)
	at o.fire (/usr/lib/code/out/vs/workbench/api/node/extensionHostProcess.js:108:14502)
	at MessagePortMain.<anonymous> (/usr/lib/code/out/vs/workbench/api/node/extensionHostProcess.js:177:6765)
	at MessagePortMain.emit (node:events:514:28)
	at MessagePortMain.emit (node:domain:488:12)
	at MessagePortMain._internalPort.emit (node:electron/js2c/utility_init:2:2285)
2024-07-09 12:13:53.004 [error] [ExtensionListenerError] Extension 'silverquark.dancehelix' FAILED to handle event: Error: internal assertion failed; please report this error on https://github.com/71/dance/issues. its stacktrace is available in the developer console (Command Palette > Open Developer Tools).: Error: [ExtensionListenerError] Extension 'silverquark.dancehelix' FAILED to handle event: Error: internal assertion failed; please report this error on https://github.com/71/dance/issues. its stacktrace is available in the developer console (Command Palette > Open Developer Tools).
	at n.value (/usr/lib/code/out/vs/workbench/api/node/extensionHostProcess.js:164:21021)
	at r.B (/usr/lib/code/out/vs/workbench/api/node/extensionHostProcess.js:83:737)
	at r.C (/usr/lib/code/out/vs/workbench/api/node/extensionHostProcess.js:83:807)
	at r.fire (/usr/lib/code/out/vs/workbench/api/node/extensionHostProcess.js:83:1023)
	at a.$acceptEditorPropertiesChanged (/usr/lib/code/out/vs/workbench/api/node/extensionHostProcess.js:156:33300)
	at S (/usr/lib/code/out/vs/workbench/api/node/extensionHostProcess.js:151:5986)
	at S.Q (/usr/lib/code/out/vs/workbench/api/node/extensionHostProcess.js:151:5752)
	at S.M (/usr/lib/code/out/vs/workbench/api/node/extensionHostProcess.js:151:4778)
	at S.L (/usr/lib/code/out/vs/workbench/api/node/extensionHostProcess.js:151:3605)
	at n.value (/usr/lib/code/out/vs/workbench/api/node/extensionHostProcess.js:151:2297)
	at r.B (/usr/lib/code/out/vs/workbench/api/node/extensionHostProcess.js:83:737)
	at r.fire (/usr/lib/code/out/vs/workbench/api/node/extensionHostProcess.js:83:954)
	at o.fire (/usr/lib/code/out/vs/workbench/api/node/extensionHostProcess.js:108:14502)
	at n.value (/usr/lib/code/out/vs/workbench/api/node/extensionHostProcess.js:177:8639)
	at r.B (/usr/lib/code/out/vs/workbench/api/node/extensionHostProcess.js:83:737)
	at r.fire (/usr/lib/code/out/vs/workbench/api/node/extensionHostProcess.js:83:954)
	at o.fire (/usr/lib/code/out/vs/workbench/api/node/extensionHostProcess.js:108:14502)
	at MessagePortMain.<anonymous> (/usr/lib/code/out/vs/workbench/api/node/extensionHostProcess.js:177:6765)
	at MessagePortMain.emit (node:events:514:28)
	at MessagePortMain.emit (node:domain:488:12)
	at MessagePortMain._internalPort.emit (node:electron/js2c/utility_init:2:2285)
2024-07-09 12:22:57.834 [error] [Extension Host] Error: internal assertion failed; please report this error on https://github.com/71/dance/issues. its stacktrace is available in the developer console (Command Palette > Open Developer Tools).
	at assert (/home/zukkini/.vscode-oss/extensions/silverquark.dancehelix-0.5.16/out/src/utils/errors.js:10:23)
	at Cursor.previous (/home/zukkini/.vscode-oss/extensions/silverquark.dancehelix-0.5.16/out/src/state/recorder.js:619:29)
	at Recorder.lastEntry (/home/zukkini/.vscode-oss/extensions/silverquark.dancehelix-0.5.16/out/src/state/recorder.js:69:21)
	at Recorder._record (/home/zukkini/.vscode-oss/extensions/silverquark.dancehelix-0.5.16/out/src/state/recorder.js:81:39)
	at Recorder.recordCommand (/home/zukkini/.vscode-oss/extensions/silverquark.dancehelix-0.5.16/out/src/state/recorder.js:248:14)
	at CommandDescriptor.invoke (/home/zukkini/.vscode-oss/extensions/silverquark.dancehelix-0.5.16/out/src/commands/index.js:73:32)
	at async Extension.runPromiseSafely (/home/zukkini/.vscode-oss/extensions/silverquark.dancehelix-0.5.16/out/src/state/extension.js:285:20)
	at async f.h (/usr/lib/code/out/vs/workbench/api/node/extensionHostProcess.js:154:204392)
2024-07-09 12:22:57.834 [error] [Extension Host] error executing command "dance.select.down.jump": internal assertion failed; please report this error on https://github.com/71/dance/issues. its stacktrace is available in the developer console (Command Palette > Open Developer Tools).
2024-07-09 12:29:30.171 [error] [Extension Host] error executing command "dance.seek.included": no selections remain
2024-07-09 12:30:13.893 [error] [Extension Host] error executing command "dance.seek.enclosing": no selections remain
2024-07-09 12:30:56.524 [error] [invalid_argument] missing user JWT for inference API server: Error: [invalid_argument] missing user JWT for inference API server
	at f.h (/usr/lib/code/out/vs/workbench/api/node/extensionHostProcess.js:154:204747)
	at process.processTicksAndRejections (node:internal/process/task_queues:95:5)
2024-07-09 12:33:05.606 [error] <semantic> TypeScript Server Error (5.5.2)
BADCLIENT: Bad error code, 7027 not found in range 847..848 (found: ); could have caused this error:
Debug Failure. Token and statement should start at the same point. {"statementKind":"Block","tokenKind":"CloseBraceToken","errorCode":7027,"start":847,"length":1}
Error: BADCLIENT: Bad error code, 7027 not found in range 847..848 (found: ); could have caused this error:
Debug Failure. Token and statement should start at the same point. {"statementKind":"Block","tokenKind":"CloseBraceToken","errorCode":7027,"start":847,"length":1}
    at doChange27 (/usr/lib/code/extensions/node_modules/typescript/lib/typescript.js:158340:11)
    at /usr/lib/code/extensions/node_modules/typescript/lib/typescript.js:158323:79
    at _ChangeTracker.with (/usr/lib/code/extensions/node_modules/typescript/lib/typescript.js:174213:5)
    at Object.getCodeActions (/usr/lib/code/extensions/node_modules/typescript/lib/typescript.js:158323:62)
    at /usr/lib/code/extensions/node_modules/typescript/lib/typescript.js:151145:46
    at flatMap (/usr/lib/code/extensions/node_modules/typescript/lib/typescript.js:2629:17)
    at Object.getFixes (/usr/lib/code/extensions/node_modules/typescript/lib/typescript.js:151145:10)
    at /usr/lib/code/extensions/node_modules/typescript/lib/typescript.js:149425:33
    at flatMap (/usr/lib/code/extensions/node_modules/typescript/lib/typescript.js:2629:17)
    at Object.getCodeFixesAtPosition (/usr/lib/code/extensions/node_modules/typescript/lib/typescript.js:149423:12)
    at IpcIOSession.getCodeFixes (/usr/lib/code/extensions/node_modules/typescript/lib/typescript.js:191090:50)
    at getCodeFixes (/usr/lib/code/extensions/node_modules/typescript/lib/typescript.js:189174:43)
    at /usr/lib/code/extensions/node_modules/typescript/lib/typescript.js:191397:69
    at IpcIOSession.executeWithRequestId (/usr/lib/code/extensions/node_modules/typescript/lib/typescript.js:191389:14)
    at IpcIOSession.executeCommand (/usr/lib/code/extensions/node_modules/typescript/lib/typescript.js:191397:29)
    at IpcIOSession.onMessage (/usr/lib/code/extensions/node_modules/typescript/lib/typescript.js:191439:51)
    at process.<anonymous> (/usr/lib/code/extensions/node_modules/typescript/lib/tsserver.js:523:14)
    at process.emit (node:events:514:28)
    at emit (node:internal/child_process:951:14)
    at process.processTicksAndRejections (node:internal/process/task_queues:83:21): Error: <semantic> TypeScript Server Error (5.5.2)
BADCLIENT: Bad error code, 7027 not found in range 847..848 (found: ); could have caused this error:
Debug Failure. Token and statement should start at the same point. {"statementKind":"Block","tokenKind":"CloseBraceToken","errorCode":7027,"start":847,"length":1}
Error: BADCLIENT: Bad error code, 7027 not found in range 847..848 (found: ); could have caused this error:
Debug Failure. Token and statement should start at the same point. {"statementKind":"Block","tokenKind":"CloseBraceToken","errorCode":7027,"start":847,"length":1}
    at doChange27 (/usr/lib/code/extensions/node_modules/typescript/lib/typescript.js:158340:11)
    at /usr/lib/code/extensions/node_modules/typescript/lib/typescript.js:158323:79
    at _ChangeTracker.with (/usr/lib/code/extensions/node_modules/typescript/lib/typescript.js:174213:5)
    at Object.getCodeActions (/usr/lib/code/extensions/node_modules/typescript/lib/typescript.js:158323:62)
    at /usr/lib/code/extensions/node_modules/typescript/lib/typescript.js:151145:46
    at flatMap (/usr/lib/code/extensions/node_modules/typescript/lib/typescript.js:2629:17)
    at Object.getFixes (/usr/lib/code/extensions/node_modules/typescript/lib/typescript.js:151145:10)
    at /usr/lib/code/extensions/node_modules/typescript/lib/typescript.js:149425:33
    at flatMap (/usr/lib/code/extensions/node_modules/typescript/lib/typescript.js:2629:17)
    at Object.getCodeFixesAtPosition (/usr/lib/code/extensions/node_modules/typescript/lib/typescript.js:149423:12)
    at IpcIOSession.getCodeFixes (/usr/lib/code/extensions/node_modules/typescript/lib/typescript.js:191090:50)
    at getCodeFixes (/usr/lib/code/extensions/node_modules/typescript/lib/typescript.js:189174:43)
    at /usr/lib/code/extensions/node_modules/typescript/lib/typescript.js:191397:69
    at IpcIOSession.executeWithRequestId (/usr/lib/code/extensions/node_modules/typescript/lib/typescript.js:191389:14)
    at IpcIOSession.executeCommand (/usr/lib/code/extensions/node_modules/typescript/lib/typescript.js:191397:29)
    at IpcIOSession.onMessage (/usr/lib/code/extensions/node_modules/typescript/lib/typescript.js:191439:51)
    at process.<anonymous> (/usr/lib/code/extensions/node_modules/typescript/lib/tsserver.js:523:14)
    at process.emit (node:events:514:28)
    at emit (node:internal/child_process:951:14)
    at process.processTicksAndRejections (node:internal/process/task_queues:83:21)
	at n.create (/usr/lib/code/extensions/typescript-language-features/dist/extension.js:1:474351)
	at v.dispatchResponse (/usr/lib/code/extensions/typescript-language-features/dist/extension.js:1:468321)
	at v.dispatchMessage (/usr/lib/code/extensions/typescript-language-features/dist/extension.js:1:467165)
	at ChildProcess.<anonymous> (/usr/lib/code/extensions/typescript-language-features/dist/extension.js:1:466658)
	at ChildProcess.emit (node:events:514:28)
	at ChildProcess.emit (node:domain:488:12)
	at emit (node:internal/child_process:951:14)
	at process.processTicksAndRejections (node:internal/process/task_queues:83:21)
